app/build/intermediates/manifest_merge_blame_file/release/manifest-merger-blame-release-report.txt
1<?xml version="1.0" encoding="utf-8"?>
2<manifest xmlns:android="http://schemas.android.com/apk/res/android"
3    package="com.example.makeanote"
4    android:versionCode="1"
5    android:versionName="1.0" >
6
7    <uses-sdk
8        android:minSdkVersion="16"
8-->src\main\AndroidManifest.xml
9        android:targetSdkVersion="30" />
9-->src\main\AndroidManifest.xml
10
11    <!-- Although the *SdkVersion is captured in gradle build files, this is required for non gradle builds -->
12    <!-- <uses-sdk android:minSdkVersion="14"/> -->
13    <uses-permission android:name="android.permission.ACCESS_NETWORK_STATE" />
13-->[com.google.firebase:firebase-database:19.2.0] AndroidManifest.xml:25:5-79
13-->[com.google.firebase:firebase-database:19.2.0] AndroidManifest.xml:25:22-76
14    <uses-permission android:name="android.permission.INTERNET" />
14-->[com.google.firebase:firebase-database:19.2.0] AndroidManifest.xml:26:5-67
14-->[com.google.firebase:firebase-database:19.2.0] AndroidManifest.xml:26:22-64
15    <uses-permission android:name="android.permission.WAKE_LOCK" />
15-->[com.google.android.gms:play-services-measurement-api:17.5.0] AndroidManifest.xml:24:5-68
15-->[com.google.android.gms:play-services-measurement-api:17.5.0] AndroidManifest.xml:24:22-65
16    <uses-permission android:name="com.google.android.finsky.permission.BIND_GET_INSTALL_REFERRER_SERVICE" />
16-->[com.google.android.gms:play-services-measurement:17.5.0] AndroidManifest.xml:26:5-110
16-->[com.google.android.gms:play-services-measurement:17.5.0] AndroidManifest.xml:26:22-107
17
18    <application
18-->src\main\AndroidManifest.xml:5:5-21:19
19        android:allowBackup="true"
19-->src\main\AndroidManifest.xml:6:9-35
20        android:appComponentFactory="androidx.core.app.CoreComponentFactory"
20-->[androidx.core:core:1.3.1] AndroidManifest.xml:24:18-86
21        android:icon="@mipmap/ic_launcher"
21-->src\main\AndroidManifest.xml:7:9-43
22        android:label="@string/app_name"
22-->src\main\AndroidManifest.xml:8:9-41
23        android:roundIcon="@mipmap/ic_launcher_round"
23-->src\main\AndroidManifest.xml:9:9-54
24        android:supportsRtl="true"
24-->src\main\AndroidManifest.xml:10:9-35
25        android:testOnly="true"
26        android:theme="@style/AppTheme" >
26-->src\main\AndroidManifest.xml:11:9-40
27        <activity android:name="com.example.makeanote.MainActivity" >
27-->src\main\AndroidManifest.xml:12:9-18:20
27-->src\main\AndroidManifest.xml:12:19-47
28            <intent-filter>
28-->src\main\AndroidManifest.xml:13:13-17:29
29                <action android:name="android.intent.action.MAIN" />
29-->src\main\AndroidManifest.xml:14:17-69
29-->src\main\AndroidManifest.xml:14:25-66
30
31                <category android:name="android.intent.category.LAUNCHER" />
31-->src\main\AndroidManifest.xml:16:17-77
31-->src\main\AndroidManifest.xml:16:27-74
32            </intent-filter>
33        </activity>
34        <activity android:name="com.example.makeanote.MainActivity2" />
34-->src\main\AndroidManifest.xml:19:9-50
34-->src\main\AndroidManifest.xml:19:19-48
35        <activity android:name="com.example.makeanote.Login" />
35-->src\main\AndroidManifest.xml:20:9-42
35-->src\main\AndroidManifest.xml:20:19-40
36
37        <service
37-->[com.google.firebase:firebase-database:19.2.0] AndroidManifest.xml:29:9-35:19
38            android:name="com.google.firebase.components.ComponentDiscoveryService"
38-->[com.google.firebase:firebase-database:19.2.0] AndroidManifest.xml:30:13-84
39            android:directBootAware="true"
39-->[com.google.firebase:firebase-common:19.3.0] AndroidManifest.xml:34:13-43
40            android:exported="false" >
40-->[com.google.firebase:firebase-database:19.2.0] AndroidManifest.xml:31:13-37
41            <meta-data
41-->[com.google.firebase:firebase-database:19.2.0] AndroidManifest.xml:32:13-34:85
42                android:name="com.google.firebase.components:com.google.firebase.database.DatabaseRegistrar"
42-->[com.google.firebase:firebase-database:19.2.0] AndroidManifest.xml:33:17-109
43                android:value="com.google.firebase.components.ComponentRegistrar" />
43-->[com.google.firebase:firebase-database:19.2.0] AndroidManifest.xml:34:17-82
44            <meta-data
44-->[com.google.android.gms:play-services-measurement-api:17.5.0] AndroidManifest.xml:30:13-32:85
45                android:name="com.google.firebase.components:com.google.firebase.analytics.connector.internal.AnalyticsConnectorRegistrar"
45-->[com.google.android.gms:play-services-measurement-api:17.5.0] AndroidManifest.xml:31:17-139
46                android:value="com.google.firebase.components.ComponentRegistrar" />
46-->[com.google.android.gms:play-services-measurement-api:17.5.0] AndroidManifest.xml:32:17-82
47            <meta-data
47-->[com.google.firebase:firebase-installations:16.3.2] AndroidManifest.xml:17:13-19:85
48                android:name="com.google.firebase.components:com.google.firebase.installations.FirebaseInstallationsRegistrar"
48-->[com.google.firebase:firebase-installations:16.3.2] AndroidManifest.xml:18:17-127
49                android:value="com.google.firebase.components.ComponentRegistrar" />
49-->[com.google.firebase:firebase-installations:16.3.2] AndroidManifest.xml:19:17-82
50        </service>
51
52        <activity
52-->[com.google.android.gms:play-services-base:17.4.0] AndroidManifest.xml:23:9-26:75
53            android:name="com.google.android.gms.common.api.GoogleApiActivity"
53-->[com.google.android.gms:play-services-base:17.4.0] AndroidManifest.xml:24:13-79
54            android:exported="false"
54-->[com.google.android.gms:play-services-base:17.4.0] AndroidManifest.xml:25:13-37
55            android:theme="@android:style/Theme.Translucent.NoTitleBar" />
55-->[com.google.android.gms:play-services-base:17.4.0] AndroidManifest.xml:26:13-72
56
57        <provider
57-->[com.google.firebase:firebase-common:19.3.0] AndroidManifest.xml:26:9-30:39
58            android:name="com.google.firebase.provider.FirebaseInitProvider"
58-->[com.google.firebase:firebase-common:19.3.0] AndroidManifest.xml:27:13-77
59            android:authorities="com.example.makeanote.firebaseinitprovider"
59-->[com.google.firebase:firebase-common:19.3.0] AndroidManifest.xml:28:13-72
60            android:exported="false"
60-->[com.google.firebase:firebase-common:19.3.0] AndroidManifest.xml:29:13-37
61            android:initOrder="100" />
61-->[com.google.firebase:firebase-common:19.3.0] AndroidManifest.xml:30:13-36
62
63        <receiver
63-->[com.google.android.gms:play-services-measurement:17.5.0] AndroidManifest.xml:29:9-33:20
64            android:name="com.google.android.gms.measurement.AppMeasurementReceiver"
64-->[com.google.android.gms:play-services-measurement:17.5.0] AndroidManifest.xml:30:13-85
65            android:enabled="true"
65-->[com.google.android.gms:play-services-measurement:17.5.0] AndroidManifest.xml:31:13-35
66            android:exported="false" >
66-->[com.google.android.gms:play-services-measurement:17.5.0] AndroidManifest.xml:32:13-37
67        </receiver>
68
69        <service
69-->[com.google.android.gms:play-services-measurement:17.5.0] AndroidManifest.xml:35:9-38:40
70            android:name="com.google.android.gms.measurement.AppMeasurementService"
70-->[com.google.android.gms:play-services-measurement:17.5.0] AndroidManifest.xml:36:13-84
71            android:enabled="true"
71-->[com.google.android.gms:play-services-measurement:17.5.0] AndroidManifest.xml:37:13-35
72            android:exported="false" />
72-->[com.google.android.gms:play-services-measurement:17.5.0] AndroidManifest.xml:38:13-37
73        <service
73-->[com.google.android.gms:play-services-measurement:17.5.0] AndroidManifest.xml:39:9-43:72
74            android:name="com.google.android.gms.measurement.AppMeasurementJobService"
74-->[com.google.android.gms:play-services-measurement:17.5.0] AndroidManifest.xml:40:13-87
75            android:enabled="true"
75-->[com.google.android.gms:play-services-measurement:17.5.0] AndroidManifest.xml:41:13-35
76            android:exported="false"
76-->[com.google.android.gms:play-services-measurement:17.5.0] AndroidManifest.xml:42:13-37
77            android:permission="android.permission.BIND_JOB_SERVICE" />
77-->[com.google.android.gms:play-services-measurement:17.5.0] AndroidManifest.xml:43:13-69
78
79        <meta-data
79-->[com.google.android.gms:play-services-basement:17.4.0] AndroidManifest.xml:23:9-25:69
80            android:name="com.google.android.gms.version"
80-->[com.google.android.gms:play-services-basement:17.4.0] AndroidManifest.xml:24:13-58
81            android:value="@integer/google_play_services_version" />
81-->[com.google.android.gms:play-services-basement:17.4.0] AndroidManifest.xml:25:13-66
82    </application>
83
84</manifest>